build/app/intermediates/manifest_merge_blame_file/debug/manifest-merger-blame-debug-report.txt
1<?xml version="1.0" encoding="utf-8"?>
2<manifest xmlns:android="http://schemas.android.com/apk/res/android"
3    package="com.example.ampedmedia_flutter"
4    android:versionCode="1"
5    android:versionName="1.0.0" >
6
7    <uses-sdk
8        android:minSdkVersion="21"
9        android:targetSdkVersion="33" />
10    <!--
11         The INTERNET permission is required for development. Specifically,
12         the Flutter tool needs it to communicate with the running application
13         to allow setting breakpoints, to provide hot reload, etc.
14    -->
15    <uses-permission android:name="android.permission.INTERNET" />
15-->src/main/AndroidManifest.xml:6:5-67
15-->src/main/AndroidManifest.xml:6:22-64
16    <uses-permission android:name="android.permission.CAMERA" />
16-->src/main/AndroidManifest.xml:8:5-65
16-->src/main/AndroidManifest.xml:8:22-62
17    <uses-permission
17-->src/main/AndroidManifest.xml:9:5-80
18        android:name="android.permission.READ_EXTERNAL_STORAGE"
18-->src/main/AndroidManifest.xml:9:22-77
19        android:maxSdkVersion="32" />
19-->[:file_picker] AndroidManifest.xml:11:9-35
20    <uses-permission android:name="android.permission.WRITE_EXTERNAL_STORAGE" />
20-->src/main/AndroidManifest.xml:10:5-81
20-->src/main/AndroidManifest.xml:10:22-78
21
22    <queries>
22-->[:file_picker] AndroidManifest.xml:13:5-19:15
23        <intent>
23-->[:file_picker] AndroidManifest.xml:14:9-18:18
24            <action android:name="android.intent.action.GET_CONTENT" />
24-->[:file_picker] AndroidManifest.xml:15:13-72
24-->[:file_picker] AndroidManifest.xml:15:21-69
25
26            <data android:mimeType="*/*" />
26-->[:file_picker] AndroidManifest.xml:17:13-44
26-->[:file_picker] AndroidManifest.xml:17:19-41
27        </intent>
28        <intent>
28-->[:flutter_inappwebview_android] AndroidManifest.xml:10:9-12:18
29            <action android:name="android.support.customtabs.action.CustomTabsService" />
29-->[:flutter_inappwebview_android] AndroidManifest.xml:11:13-90
29-->[:flutter_inappwebview_android] AndroidManifest.xml:11:21-87
30        </intent>
31
32        <package android:name="com.facebook.katana" />
32-->[com.facebook.android:facebook-common:17.0.0] AndroidManifest.xml:18:9-55
32-->[com.facebook.android:facebook-common:17.0.0] AndroidManifest.xml:18:18-52
33    </queries>
34
35    <uses-permission android:name="android.permission.ACCESS_NETWORK_STATE" />
35-->[com.google.firebase:firebase-auth:22.0.0] AndroidManifest.xml:26:5-79
35-->[com.google.firebase:firebase-auth:22.0.0] AndroidManifest.xml:26:22-76
36    <uses-permission android:name="android.permission.WAKE_LOCK" />
36-->[com.google.android.gms:play-services-measurement-api:21.2.2] AndroidManifest.xml:24:5-68
36-->[com.google.android.gms:play-services-measurement-api:21.2.2] AndroidManifest.xml:24:22-65
37    <uses-permission android:name="com.google.android.finsky.permission.BIND_GET_INSTALL_REFERRER_SERVICE" />
37-->[com.google.android.gms:play-services-measurement:21.2.2] AndroidManifest.xml:26:5-110
37-->[com.google.android.gms:play-services-measurement:21.2.2] AndroidManifest.xml:26:22-107
38
39    <permission
39-->[androidx.core:core:1.10.1] AndroidManifest.xml:22:5-24:47
40        android:name="com.example.ampedmedia_flutter.DYNAMIC_RECEIVER_NOT_EXPORTED_PERMISSION"
40-->[androidx.core:core:1.10.1] AndroidManifest.xml:23:9-81
41        android:protectionLevel="signature" />
41-->[androidx.core:core:1.10.1] AndroidManifest.xml:24:9-44
42
43    <uses-permission android:name="com.example.ampedmedia_flutter.DYNAMIC_RECEIVER_NOT_EXPORTED_PERMISSION" />
43-->[androidx.core:core:1.10.1] AndroidManifest.xml:26:5-97
43-->[androidx.core:core:1.10.1] AndroidManifest.xml:26:22-94
44
45    <application
46        android:name="io.flutter.app.FlutterMultiDexApplication"
47        android:appComponentFactory="androidx.core.app.CoreComponentFactory"
47-->[androidx.core:core:1.10.1] AndroidManifest.xml:28:18-86
48        android:debuggable="true"
49        android:icon="@mipmap/ic_launcher"
50        android:label="AMPED Media"
51        android:supportsRtl="true" >
51-->[com.facebook.android:facebook-login:17.0.0] AndroidManifest.xml:16:18-44
52        <activity
53            android:name="com.example.ampedmedia_flutter.MainActivity"
54            android:configChanges="orientation|keyboardHidden|keyboard|screenSize|smallestScreenSize|locale|layoutDirection|fontScale|screenLayout|density|uiMode"
55            android:exported="true"
56            android:hardwareAccelerated="true"
57            android:launchMode="singleTop"
58            android:theme="@style/LaunchTheme"
59            android:windowSoftInputMode="adjustResize" >
60
61            <!--
62                 Specifies an Android theme to apply to this Activity as soon as
63                 the Android process has started. This theme is visible to the user
64                 while the Flutter UI initializes. After that, this theme continues
65                 to determine the Window background behind the Flutter UI.
66            -->
67            <meta-data
68                android:name="io.flutter.embedding.android.NormalTheme"
69                android:resource="@style/NormalTheme" />
70
71            <intent-filter>
72                <action android:name="android.intent.action.MAIN" />
73
74                <category android:name="android.intent.category.LAUNCHER" />
75            </intent-filter>
76        </activity>
77        <!--
78             Don't delete the meta-data below.
79             This is used by the Flutter tool to generate GeneratedPluginRegistrant.java
80        -->
81        <meta-data
82            android:name="flutterEmbedding"
83            android:value="2" />
84        <!--
85        facebook
86        login  configaration
87        -->
88        <meta-data
89            android:name="com.facebook.sdk.ApplicationId"
90            android:value="@string/facebook_app_id" />
91        <meta-data
92            android:name="com.facebook.sdk.ClientToken"
93            android:value="@string/facebook_client_token" />
94
95        <activity
96            android:name="com.facebook.FacebookActivity"
97            android:configChanges="keyboard|keyboardHidden|screenLayout|screenSize|orientation"
98            android:label="@string/app_name"
99            android:theme="@style/com_facebook_activity_theme" />
99-->[com.facebook.android:facebook-common:17.0.0] AndroidManifest.xml:25:13-63
100        <activity
101            android:name="com.facebook.CustomTabActivity"
102            android:exported="true" >
103            <intent-filter>
104                <action android:name="android.intent.action.VIEW" />
104-->[com.google.firebase:firebase-auth:22.0.0] AndroidManifest.xml:36:17-69
104-->[com.google.firebase:firebase-auth:22.0.0] AndroidManifest.xml:36:25-66
105
106                <category android:name="android.intent.category.DEFAULT" />
106-->[com.google.firebase:firebase-auth:22.0.0] AndroidManifest.xml:38:17-76
106-->[com.google.firebase:firebase-auth:22.0.0] AndroidManifest.xml:38:27-73
107                <category android:name="android.intent.category.BROWSABLE" />
107-->[com.google.firebase:firebase-auth:22.0.0] AndroidManifest.xml:39:17-78
107-->[com.google.firebase:firebase-auth:22.0.0] AndroidManifest.xml:39:27-75
108
109                <data android:scheme="@string/fb_login_protocol_scheme" />
109-->[:file_picker] AndroidManifest.xml:17:13-44
110            </intent-filter>
111            <intent-filter>
111-->[com.facebook.android:facebook-common:17.0.0] AndroidManifest.xml:31:13-40:29
112                <action android:name="android.intent.action.VIEW" />
112-->[com.google.firebase:firebase-auth:22.0.0] AndroidManifest.xml:36:17-69
112-->[com.google.firebase:firebase-auth:22.0.0] AndroidManifest.xml:36:25-66
113
114                <category android:name="android.intent.category.DEFAULT" />
114-->[com.google.firebase:firebase-auth:22.0.0] AndroidManifest.xml:38:17-76
114-->[com.google.firebase:firebase-auth:22.0.0] AndroidManifest.xml:38:27-73
115                <category android:name="android.intent.category.BROWSABLE" />
115-->[com.google.firebase:firebase-auth:22.0.0] AndroidManifest.xml:39:17-78
115-->[com.google.firebase:firebase-auth:22.0.0] AndroidManifest.xml:39:27-75
116
117                <data
117-->[:file_picker] AndroidManifest.xml:17:13-44
118                    android:host="cct.com.example.ampedmedia_flutter"
119                    android:scheme="fbconnect" />
120            </intent-filter>
121        </activity>
122
123        <service
123-->[:firebase_auth] AndroidManifest.xml:10:9-14:19
124            android:name="com.google.firebase.components.ComponentDiscoveryService"
124-->[:firebase_auth] AndroidManifest.xml:10:18-89
125            android:directBootAware="true"
125-->[com.google.firebase:firebase-common:20.3.2] AndroidManifest.xml:34:13-43
126            android:exported="false" >
126-->[com.google.firebase:firebase-analytics-ktx:21.2.2] AndroidManifest.xml:10:13-37
127            <meta-data
127-->[:firebase_auth] AndroidManifest.xml:11:13-13:85
128                android:name="com.google.firebase.components:io.flutter.plugins.firebase.auth.FlutterFirebaseAuthRegistrar"
128-->[:firebase_auth] AndroidManifest.xml:12:17-124
129                android:value="com.google.firebase.components.ComponentRegistrar" />
129-->[:firebase_auth] AndroidManifest.xml:13:17-82
130            <meta-data
130-->[:firebase_core] AndroidManifest.xml:11:13-13:85
131                android:name="com.google.firebase.components:io.flutter.plugins.firebase.core.FlutterFirebaseCoreRegistrar"
131-->[:firebase_core] AndroidManifest.xml:12:17-124
132                android:value="com.google.firebase.components.ComponentRegistrar" />
132-->[:firebase_core] AndroidManifest.xml:13:17-82
133            <meta-data
133-->[com.google.firebase:firebase-analytics-ktx:21.2.2] AndroidManifest.xml:11:13-13:85
134                android:name="com.google.firebase.components:com.google.firebase.analytics.ktx.FirebaseAnalyticsKtxRegistrar"
134-->[com.google.firebase:firebase-analytics-ktx:21.2.2] AndroidManifest.xml:12:17-126
135                android:value="com.google.firebase.components.ComponentRegistrar" />
135-->[com.google.firebase:firebase-analytics-ktx:21.2.2] AndroidManifest.xml:13:17-82
136            <meta-data
136-->[com.google.firebase:firebase-common-ktx:20.3.2] AndroidManifest.xml:14:13-16:85
137                android:name="com.google.firebase.components:com.google.firebase.ktx.FirebaseCommonKtxRegistrar"
137-->[com.google.firebase:firebase-common-ktx:20.3.2] AndroidManifest.xml:15:17-113
138                android:value="com.google.firebase.components.ComponentRegistrar" />
138-->[com.google.firebase:firebase-common-ktx:20.3.2] AndroidManifest.xml:16:17-82
139            <meta-data
139-->[com.google.firebase:firebase-auth:22.0.0] AndroidManifest.xml:69:13-71:85
140                android:name="com.google.firebase.components:com.google.firebase.auth.FirebaseAuthRegistrar"
140-->[com.google.firebase:firebase-auth:22.0.0] AndroidManifest.xml:70:17-109
141                android:value="com.google.firebase.components.ComponentRegistrar" />
141-->[com.google.firebase:firebase-auth:22.0.0] AndroidManifest.xml:71:17-82
142            <meta-data
142-->[com.google.android.gms:play-services-measurement-api:21.2.2] AndroidManifest.xml:31:13-33:85
143                android:name="com.google.firebase.components:com.google.firebase.analytics.connector.internal.AnalyticsConnectorRegistrar"
143-->[com.google.android.gms:play-services-measurement-api:21.2.2] AndroidManifest.xml:32:17-139
144                android:value="com.google.firebase.components.ComponentRegistrar" />
144-->[com.google.android.gms:play-services-measurement-api:21.2.2] AndroidManifest.xml:33:17-82
145            <meta-data
145-->[com.google.firebase:firebase-installations:17.1.3] AndroidManifest.xml:17:13-19:85
146                android:name="com.google.firebase.components:com.google.firebase.installations.FirebaseInstallationsRegistrar"
146-->[com.google.firebase:firebase-installations:17.1.3] AndroidManifest.xml:18:17-127
147                android:value="com.google.firebase.components.ComponentRegistrar" />
147-->[com.google.firebase:firebase-installations:17.1.3] AndroidManifest.xml:19:17-82
148        </service>
149
150        <provider
150-->[:image_picker_android] AndroidManifest.xml:10:9-18:20
151            android:name="io.flutter.plugins.imagepicker.ImagePickerFileProvider"
151-->[:image_picker_android] AndroidManifest.xml:11:13-82
152            android:authorities="com.example.ampedmedia_flutter.flutter.image_provider"
152-->[:image_picker_android] AndroidManifest.xml:12:13-74
153            android:exported="false"
153-->[:image_picker_android] AndroidManifest.xml:13:13-37
154            android:grantUriPermissions="true" >
154-->[:image_picker_android] AndroidManifest.xml:14:13-47
155            <meta-data
155-->[:image_picker_android] AndroidManifest.xml:15:13-17:75
156                android:name="android.support.FILE_PROVIDER_PATHS"
156-->[:image_picker_android] AndroidManifest.xml:16:17-67
157                android:resource="@xml/flutter_image_picker_file_paths" />
157-->[:image_picker_android] AndroidManifest.xml:17:17-72
158        </provider>
159
160        <activity
160-->[:flutter_inappwebview_android] AndroidManifest.xml:16:9-20:47
161            android:name="com.pichillilorenzo.flutter_inappwebview_android.in_app_browser.InAppBrowserActivity"
161-->[:flutter_inappwebview_android] AndroidManifest.xml:17:13-112
162            android:configChanges="orientation|keyboardHidden|keyboard|screenSize|locale|layoutDirection|fontScale|screenLayout|density"
162-->[:flutter_inappwebview_android] AndroidManifest.xml:18:13-137
163            android:exported="false"
163-->[:flutter_inappwebview_android] AndroidManifest.xml:19:13-37
164            android:theme="@style/AppTheme" />
164-->[:flutter_inappwebview_android] AndroidManifest.xml:20:13-44
165        <activity
165-->[:flutter_inappwebview_android] AndroidManifest.xml:21:9-24:55
166            android:name="com.pichillilorenzo.flutter_inappwebview_android.chrome_custom_tabs.ChromeCustomTabsActivity"
166-->[:flutter_inappwebview_android] AndroidManifest.xml:22:13-120
167            android:exported="false"
167-->[:flutter_inappwebview_android] AndroidManifest.xml:23:13-37
168            android:theme="@style/ThemeTransparent" />
168-->[:flutter_inappwebview_android] AndroidManifest.xml:24:13-52
169        <activity
169-->[:flutter_inappwebview_android] AndroidManifest.xml:25:9-28:55
170            android:name="com.pichillilorenzo.flutter_inappwebview_android.chrome_custom_tabs.TrustedWebActivity"
170-->[:flutter_inappwebview_android] AndroidManifest.xml:26:13-114
171            android:exported="false"
171-->[:flutter_inappwebview_android] AndroidManifest.xml:27:13-37
172            android:theme="@style/ThemeTransparent" />
172-->[:flutter_inappwebview_android] AndroidManifest.xml:28:13-52
173        <activity
173-->[:flutter_inappwebview_android] AndroidManifest.xml:29:9-33:55
174            android:name="com.pichillilorenzo.flutter_inappwebview_android.chrome_custom_tabs.ChromeCustomTabsActivitySingleInstance"
174-->[:flutter_inappwebview_android] AndroidManifest.xml:30:13-134
175            android:exported="false"
175-->[:flutter_inappwebview_android] AndroidManifest.xml:31:13-37
176            android:launchMode="singleInstance"
176-->[:flutter_inappwebview_android] AndroidManifest.xml:32:13-48
177            android:theme="@style/ThemeTransparent" />
177-->[:flutter_inappwebview_android] AndroidManifest.xml:33:13-52
178        <activity
178-->[:flutter_inappwebview_android] AndroidManifest.xml:34:9-38:55
179            android:name="com.pichillilorenzo.flutter_inappwebview_android.chrome_custom_tabs.TrustedWebActivitySingleInstance"
179-->[:flutter_inappwebview_android] AndroidManifest.xml:35:13-128
180            android:exported="false"
180-->[:flutter_inappwebview_android] AndroidManifest.xml:36:13-37
181            android:launchMode="singleInstance"
181-->[:flutter_inappwebview_android] AndroidManifest.xml:37:13-48
182            android:theme="@style/ThemeTransparent" />
182-->[:flutter_inappwebview_android] AndroidManifest.xml:38:13-52
183
184        <receiver
184-->[:flutter_inappwebview_android] AndroidManifest.xml:40:9-43:40
185            android:name="com.pichillilorenzo.flutter_inappwebview_android.chrome_custom_tabs.ActionBroadcastReceiver"
185-->[:flutter_inappwebview_android] AndroidManifest.xml:41:13-119
186            android:enabled="true"
186-->[:flutter_inappwebview_android] AndroidManifest.xml:42:13-35
187            android:exported="false" />
187-->[:flutter_inappwebview_android] AndroidManifest.xml:43:13-37
188
189        <meta-data
189-->[:flutter_inappwebview_android] AndroidManifest.xml:45:9-47:36
190            android:name="io.flutter.embedded_views_preview"
190-->[:flutter_inappwebview_android] AndroidManifest.xml:46:13-61
191            android:value="true" />
191-->[:flutter_inappwebview_android] AndroidManifest.xml:47:13-33
192
193        <activity
193-->[com.google.firebase:firebase-auth:22.0.0] AndroidManifest.xml:29:9-46:20
194            android:name="com.google.firebase.auth.internal.GenericIdpActivity"
194-->[com.google.firebase:firebase-auth:22.0.0] AndroidManifest.xml:30:13-80
195            android:excludeFromRecents="true"
195-->[com.google.firebase:firebase-auth:22.0.0] AndroidManifest.xml:31:13-46
196            android:exported="true"
196-->[com.google.firebase:firebase-auth:22.0.0] AndroidManifest.xml:32:13-36
197            android:launchMode="singleTask"
197-->[com.google.firebase:firebase-auth:22.0.0] AndroidManifest.xml:33:13-44
198            android:theme="@android:style/Theme.Translucent.NoTitleBar" >
198-->[com.google.firebase:firebase-auth:22.0.0] AndroidManifest.xml:34:13-72
199            <intent-filter>
199-->[com.google.firebase:firebase-auth:22.0.0] AndroidManifest.xml:35:13-45:29
200                <action android:name="android.intent.action.VIEW" />
200-->[com.google.firebase:firebase-auth:22.0.0] AndroidManifest.xml:36:17-69
200-->[com.google.firebase:firebase-auth:22.0.0] AndroidManifest.xml:36:25-66
201
202                <category android:name="android.intent.category.DEFAULT" />
202-->[com.google.firebase:firebase-auth:22.0.0] AndroidManifest.xml:38:17-76
202-->[com.google.firebase:firebase-auth:22.0.0] AndroidManifest.xml:38:27-73
203                <category android:name="android.intent.category.BROWSABLE" />
203-->[com.google.firebase:firebase-auth:22.0.0] AndroidManifest.xml:39:17-78
203-->[com.google.firebase:firebase-auth:22.0.0] AndroidManifest.xml:39:27-75
204
205                <data
205-->[:file_picker] AndroidManifest.xml:17:13-44
206                    android:host="firebase.auth"
207                    android:path="/"
208                    android:scheme="genericidp" />
209            </intent-filter>
210        </activity>
211        <activity
211-->[com.google.firebase:firebase-auth:22.0.0] AndroidManifest.xml:47:9-64:20
212            android:name="com.google.firebase.auth.internal.RecaptchaActivity"
212-->[com.google.firebase:firebase-auth:22.0.0] AndroidManifest.xml:48:13-79
213            android:excludeFromRecents="true"
213-->[com.google.firebase:firebase-auth:22.0.0] AndroidManifest.xml:49:13-46
214            android:exported="true"
214-->[com.google.firebase:firebase-auth:22.0.0] AndroidManifest.xml:50:13-36
215            android:launchMode="singleTask"
215-->[com.google.firebase:firebase-auth:22.0.0] AndroidManifest.xml:51:13-44
216            android:theme="@android:style/Theme.Translucent.NoTitleBar" >
216-->[com.google.firebase:firebase-auth:22.0.0] AndroidManifest.xml:52:13-72
217            <intent-filter>
217-->[com.google.firebase:firebase-auth:22.0.0] AndroidManifest.xml:53:13-63:29
218                <action android:name="android.intent.action.VIEW" />
218-->[com.google.firebase:firebase-auth:22.0.0] AndroidManifest.xml:36:17-69
218-->[com.google.firebase:firebase-auth:22.0.0] AndroidManifest.xml:36:25-66
219
220                <category android:name="android.intent.category.DEFAULT" />
220-->[com.google.firebase:firebase-auth:22.0.0] AndroidManifest.xml:38:17-76
220-->[com.google.firebase:firebase-auth:22.0.0] AndroidManifest.xml:38:27-73
221                <category android:name="android.intent.category.BROWSABLE" />
221-->[com.google.firebase:firebase-auth:22.0.0] AndroidManifest.xml:39:17-78
221-->[com.google.firebase:firebase-auth:22.0.0] AndroidManifest.xml:39:27-75
222
223                <data
223-->[:file_picker] AndroidManifest.xml:17:13-44
224                    android:host="firebase.auth"
225                    android:path="/"
226                    android:scheme="recaptcha" />
227            </intent-filter>
228        </activity>
229        <activity android:name="com.facebook.CustomTabMainActivity" />
229-->[com.facebook.android:facebook-common:17.0.0] AndroidManifest.xml:26:9-71
229-->[com.facebook.android:facebook-common:17.0.0] AndroidManifest.xml:26:19-68
230        <activity
230-->[com.google.android.gms:play-services-auth:20.5.0] AndroidManifest.xml:23:9-27:75
231            android:name="com.google.android.gms.auth.api.signin.internal.SignInHubActivity"
231-->[com.google.android.gms:play-services-auth:20.5.0] AndroidManifest.xml:24:13-93
232            android:excludeFromRecents="true"
232-->[com.google.android.gms:play-services-auth:20.5.0] AndroidManifest.xml:25:13-46
233            android:exported="false"
233-->[com.google.android.gms:play-services-auth:20.5.0] AndroidManifest.xml:26:13-37
234            android:theme="@android:style/Theme.Translucent.NoTitleBar" />
234-->[com.google.android.gms:play-services-auth:20.5.0] AndroidManifest.xml:27:13-72
235        <!--
236            Service handling Google Sign-In user revocation. For apps that do not integrate with
237            Google Sign-In, this service will never be started.
238        -->
239        <service
239-->[com.google.android.gms:play-services-auth:20.5.0] AndroidManifest.xml:33:9-37:51
240            android:name="com.google.android.gms.auth.api.signin.RevocationBoundService"
240-->[com.google.android.gms:play-services-auth:20.5.0] AndroidManifest.xml:34:13-89
241            android:exported="true"
241-->[com.google.android.gms:play-services-auth:20.5.0] AndroidManifest.xml:35:13-36
242            android:permission="com.google.android.gms.auth.api.signin.permission.REVOCATION_NOTIFICATION"
242-->[com.google.android.gms:play-services-auth:20.5.0] AndroidManifest.xml:36:13-107
243            android:visibleToInstantApps="true" />
243-->[com.google.android.gms:play-services-auth:20.5.0] AndroidManifest.xml:37:13-48
244
245        <provider
245-->[com.google.firebase:firebase-common:20.3.2] AndroidManifest.xml:25:9-30:39
246            android:name="com.google.firebase.provider.FirebaseInitProvider"
246-->[com.google.firebase:firebase-common:20.3.2] AndroidManifest.xml:26:13-77
247            android:authorities="com.example.ampedmedia_flutter.firebaseinitprovider"
247-->[com.google.firebase:firebase-common:20.3.2] AndroidManifest.xml:27:13-72
248            android:directBootAware="true"
248-->[com.google.firebase:firebase-common:20.3.2] AndroidManifest.xml:28:13-43
249            android:exported="false"
249-->[com.google.firebase:firebase-common:20.3.2] AndroidManifest.xml:29:13-37
250            android:initOrder="100" />
250-->[com.google.firebase:firebase-common:20.3.2] AndroidManifest.xml:30:13-36
251
252        <activity
252-->[com.google.android.gms:play-services-base:18.0.1] AndroidManifest.xml:20:9-22:45
253            android:name="com.google.android.gms.common.api.GoogleApiActivity"
253-->[com.google.android.gms:play-services-base:18.0.1] AndroidManifest.xml:20:19-85
254            android:exported="false"
254-->[com.google.android.gms:play-services-base:18.0.1] AndroidManifest.xml:22:19-43
255            android:theme="@android:style/Theme.Translucent.NoTitleBar" />
255-->[com.google.android.gms:play-services-base:18.0.1] AndroidManifest.xml:21:19-78
256
257        <receiver
257-->[com.google.android.gms:play-services-measurement:21.2.2] AndroidManifest.xml:29:9-33:20
258            android:name="com.google.android.gms.measurement.AppMeasurementReceiver"
258-->[com.google.android.gms:play-services-measurement:21.2.2] AndroidManifest.xml:30:13-85
259            android:enabled="true"
259-->[com.google.android.gms:play-services-measurement:21.2.2] AndroidManifest.xml:31:13-35
260            android:exported="false" >
260-->[com.google.android.gms:play-services-measurement:21.2.2] AndroidManifest.xml:32:13-37
261        </receiver>
262
263        <service
263-->[com.google.android.gms:play-services-measurement:21.2.2] AndroidManifest.xml:35:9-38:40
264            android:name="com.google.android.gms.measurement.AppMeasurementService"
264-->[com.google.android.gms:play-services-measurement:21.2.2] AndroidManifest.xml:36:13-84
265            android:enabled="true"
265-->[com.google.android.gms:play-services-measurement:21.2.2] AndroidManifest.xml:37:13-35
266            android:exported="false" />
266-->[com.google.android.gms:play-services-measurement:21.2.2] AndroidManifest.xml:38:13-37
267        <service
267-->[com.google.android.gms:play-services-measurement:21.2.2] AndroidManifest.xml:39:9-43:72
268            android:name="com.google.android.gms.measurement.AppMeasurementJobService"
268-->[com.google.android.gms:play-services-measurement:21.2.2] AndroidManifest.xml:40:13-87
269            android:enabled="true"
269-->[com.google.android.gms:play-services-measurement:21.2.2] AndroidManifest.xml:41:13-35
270            android:exported="false"
270-->[com.google.android.gms:play-services-measurement:21.2.2] AndroidManifest.xml:42:13-37
271            android:permission="android.permission.BIND_JOB_SERVICE" />
271-->[com.google.android.gms:play-services-measurement:21.2.2] AndroidManifest.xml:43:13-69
272
273        <meta-data
273-->[com.google.android.gms:play-services-basement:18.2.0] AndroidManifest.xml:21:9-23:69
274            android:name="com.google.android.gms.version"
274-->[com.google.android.gms:play-services-basement:18.2.0] AndroidManifest.xml:22:13-58
275            android:value="@integer/google_play_services_version" />
275-->[com.google.android.gms:play-services-basement:18.2.0] AndroidManifest.xml:23:13-66
276        <!--
277         The initialization ContentProvider will call FacebookSdk.sdkInitialize automatically
278         with the application context. This config is merged in with the host app's manifest,
279         but there can only be one provider with the same authority activated at any given
280         point; so if the end user has two or more different apps that use Facebook SDK, only the
281         first one will be able to use the provider. To work around this problem, we use the
282         following placeholder in the authority to identify each host application as if it was
283         a completely different provider.
284        -->
285        <provider
285-->[com.facebook.android:facebook-core:17.0.0] AndroidManifest.xml:29:9-32:40
286            android:name="com.facebook.internal.FacebookInitProvider"
286-->[com.facebook.android:facebook-core:17.0.0] AndroidManifest.xml:30:13-70
287            android:authorities="com.example.ampedmedia_flutter.FacebookInitProvider"
287-->[com.facebook.android:facebook-core:17.0.0] AndroidManifest.xml:31:13-72
288            android:exported="false" />
288-->[com.facebook.android:facebook-core:17.0.0] AndroidManifest.xml:32:13-37
289
290        <receiver
290-->[com.facebook.android:facebook-core:17.0.0] AndroidManifest.xml:34:9-40:20
291            android:name="com.facebook.CurrentAccessTokenExpirationBroadcastReceiver"
291-->[com.facebook.android:facebook-core:17.0.0] AndroidManifest.xml:35:13-86
292            android:exported="false" >
292-->[com.facebook.android:facebook-core:17.0.0] AndroidManifest.xml:36:13-37
293            <intent-filter>
293-->[com.facebook.android:facebook-core:17.0.0] AndroidManifest.xml:37:13-39:29
294                <action android:name="com.facebook.sdk.ACTION_CURRENT_ACCESS_TOKEN_CHANGED" />
294-->[com.facebook.android:facebook-core:17.0.0] AndroidManifest.xml:38:17-95
294-->[com.facebook.android:facebook-core:17.0.0] AndroidManifest.xml:38:25-92
295            </intent-filter>
296        </receiver>
297        <receiver
297-->[com.facebook.android:facebook-core:17.0.0] AndroidManifest.xml:41:9-47:20
298            android:name="com.facebook.AuthenticationTokenManager$CurrentAuthenticationTokenChangedBroadcastReceiver"
298-->[com.facebook.android:facebook-core:17.0.0] AndroidManifest.xml:42:13-118
299            android:exported="false" >
299-->[com.facebook.android:facebook-core:17.0.0] AndroidManifest.xml:43:13-37
300            <intent-filter>
300-->[com.facebook.android:facebook-core:17.0.0] AndroidManifest.xml:44:13-46:29
301                <action android:name="com.facebook.sdk.ACTION_CURRENT_AUTHENTICATION_TOKEN_CHANGED" />
301-->[com.facebook.android:facebook-core:17.0.0] AndroidManifest.xml:45:17-103
301-->[com.facebook.android:facebook-core:17.0.0] AndroidManifest.xml:45:25-100
302            </intent-filter>
303        </receiver>
304
305        <provider
305-->[androidx.emoji2:emoji2:1.2.0] AndroidManifest.xml:24:9-32:20
306            android:name="androidx.startup.InitializationProvider"
306-->[androidx.emoji2:emoji2:1.2.0] AndroidManifest.xml:25:13-67
307            android:authorities="com.example.ampedmedia_flutter.androidx-startup"
307-->[androidx.emoji2:emoji2:1.2.0] AndroidManifest.xml:26:13-68
308            android:exported="false" >
308-->[androidx.emoji2:emoji2:1.2.0] AndroidManifest.xml:27:13-37
309            <meta-data